<?xml version="1.0" encoding="UTF-8"?>
<testsuite name="hello.GreetingControllerTests" tests="2" skipped="0" failures="0" errors="0" timestamp="2017-04-26T08:59:30" hostname="peteair.local" time="2.245">
  <properties/>
  <testcase name="noParamGreetingShouldReturnDefaultMessage" classname="hello.GreetingControllerTests" time="1.977"/>
  <testcase name="paramGreetingShouldReturnTailoredMessage" classname="hello.GreetingControllerTests" time="0.091"/>
  <system-out><![CDATA[09:59:17.154 [Test worker] DEBUG org.springframework.test.context.junit4.SpringJUnit4ClassRunner - SpringJUnit4ClassRunner constructor called with [class hello.GreetingControllerTests]
09:59:17.169 [Test worker] DEBUG org.springframework.test.context.BootstrapUtils - Instantiating CacheAwareContextLoaderDelegate from class [org.springframework.test.context.cache.DefaultCacheAwareContextLoaderDelegate]
09:59:17.188 [Test worker] DEBUG org.springframework.test.context.BootstrapUtils - Instantiating BootstrapContext using constructor [public org.springframework.test.context.support.DefaultBootstrapContext(java.lang.Class,org.springframework.test.context.CacheAwareContextLoaderDelegate)]
09:59:17.243 [Test worker] DEBUG org.springframework.test.context.BootstrapUtils - Instantiating TestContextBootstrapper for test class [hello.GreetingControllerTests] from class [org.springframework.boot.test.context.SpringBootTestContextBootstrapper]
09:59:17.274 [Test worker] INFO org.springframework.boot.test.context.SpringBootTestContextBootstrapper - Neither @ContextConfiguration nor @ContextHierarchy found for test class [hello.GreetingControllerTests], using SpringBootContextLoader
09:59:17.281 [Test worker] DEBUG org.springframework.test.context.support.AbstractContextLoader - Did not detect default resource location for test class [hello.GreetingControllerTests]: class path resource [hello/GreetingControllerTests-context.xml] does not exist
09:59:17.282 [Test worker] DEBUG org.springframework.test.context.support.AbstractContextLoader - Did not detect default resource location for test class [hello.GreetingControllerTests]: class path resource [hello/GreetingControllerTestsContext.groovy] does not exist
09:59:17.283 [Test worker] INFO org.springframework.test.context.support.AbstractContextLoader - Could not detect default resource locations for test class [hello.GreetingControllerTests]: no resource found for suffixes {-context.xml, Context.groovy}.
09:59:17.284 [Test worker] INFO org.springframework.test.context.support.AnnotationConfigContextLoaderUtils - Could not detect default configuration classes for test class [hello.GreetingControllerTests]: GreetingControllerTests does not declare any static, non-private, non-final, nested classes annotated with @Configuration.
09:59:17.486 [Test worker] DEBUG org.springframework.test.context.support.ActiveProfilesUtils - Could not find an 'annotation declaring class' for annotation type [org.springframework.test.context.ActiveProfiles] and class [hello.GreetingControllerTests]
09:59:17.503 [Test worker] DEBUG org.springframework.core.env.StandardEnvironment - Adding [systemProperties] PropertySource with lowest search precedence
09:59:17.506 [Test worker] DEBUG org.springframework.core.env.StandardEnvironment - Adding [systemEnvironment] PropertySource with lowest search precedence
09:59:17.507 [Test worker] DEBUG org.springframework.core.env.StandardEnvironment - Initialized StandardEnvironment with PropertySources [systemProperties,systemEnvironment]
09:59:17.532 [Test worker] DEBUG org.springframework.core.io.support.PathMatchingResourcePatternResolver - Resolved classpath location [hello/] to resources [URL [file:/Users/pete/Documents/workspaces/knightech/git/restup/build/classes/test/hello/], URL [file:/Users/pete/Documents/workspaces/knightech/git/restup/build/classes/main/hello/]]
09:59:17.533 [Test worker] DEBUG org.springframework.core.io.support.PathMatchingResourcePatternResolver - Looking for matching resources in directory tree [/Users/pete/Documents/workspaces/knightech/git/restup/build/classes/test/hello]
09:59:17.534 [Test worker] DEBUG org.springframework.core.io.support.PathMatchingResourcePatternResolver - Searching directory [/Users/pete/Documents/workspaces/knightech/git/restup/build/classes/test/hello] for files matching pattern [/Users/pete/Documents/workspaces/knightech/git/restup/build/classes/test/hello/*.class]
09:59:17.541 [Test worker] DEBUG org.springframework.core.io.support.PathMatchingResourcePatternResolver - Looking for matching resources in directory tree [/Users/pete/Documents/workspaces/knightech/git/restup/build/classes/main/hello]
09:59:17.542 [Test worker] DEBUG org.springframework.core.io.support.PathMatchingResourcePatternResolver - Searching directory [/Users/pete/Documents/workspaces/knightech/git/restup/build/classes/main/hello] for files matching pattern [/Users/pete/Documents/workspaces/knightech/git/restup/build/classes/main/hello/*.class]
09:59:17.544 [Test worker] DEBUG org.springframework.core.io.support.PathMatchingResourcePatternResolver - Resolved location pattern [classpath*:hello/*.class] to resources [file [/Users/pete/Documents/workspaces/knightech/git/restup/build/classes/test/hello/GreetingControllerTests.class], file [/Users/pete/Documents/workspaces/knightech/git/restup/build/classes/main/hello/Application.class], file [/Users/pete/Documents/workspaces/knightech/git/restup/build/classes/main/hello/Greeting.class], file [/Users/pete/Documents/workspaces/knightech/git/restup/build/classes/main/hello/GreetingController.class]]
09:59:17.674 [Test worker] DEBUG org.springframework.context.annotation.ClassPathScanningCandidateComponentProvider - Identified candidate component class: file [/Users/pete/Documents/workspaces/knightech/git/restup/build/classes/main/hello/Application.class]
09:59:17.715 [Test worker] INFO org.springframework.boot.test.context.SpringBootTestContextBootstrapper - Found @SpringBootConfiguration hello.Application for test class hello.GreetingControllerTests
09:59:17.740 [Test worker] DEBUG org.springframework.boot.test.context.SpringBootTestContextBootstrapper - @TestExecutionListeners is not present for class [hello.GreetingControllerTests]: using defaults.
09:59:17.749 [Test worker] INFO org.springframework.boot.test.context.SpringBootTestContextBootstrapper - Loaded default TestExecutionListener class names from location [META-INF/spring.factories]: [org.springframework.boot.test.mock.mockito.MockitoTestExecutionListener, org.springframework.boot.test.mock.mockito.ResetMocksTestExecutionListener, org.springframework.boot.test.autoconfigure.restdocs.RestDocsTestExecutionListener, org.springframework.boot.test.autoconfigure.web.client.MockRestServiceServerResetTestExecutionListener, org.springframework.boot.test.autoconfigure.web.servlet.MockMvcPrintOnlyOnFailureTestExecutionListener, org.springframework.boot.test.autoconfigure.web.servlet.WebDriverTestExecutionListener, org.springframework.test.context.web.ServletTestExecutionListener, org.springframework.test.context.support.DirtiesContextBeforeModesTestExecutionListener, org.springframework.test.context.support.DependencyInjectionTestExecutionListener, org.springframework.test.context.support.DirtiesContextTestExecutionListener, org.springframework.test.context.transaction.TransactionalTestExecutionListener, org.springframework.test.context.jdbc.SqlScriptsTestExecutionListener]
09:59:17.791 [Test worker] INFO org.springframework.boot.test.context.SpringBootTestContextBootstrapper - Could not instantiate TestExecutionListener [org.springframework.test.context.jdbc.SqlScriptsTestExecutionListener]. Specify custom listener classes or make the default listener classes (and their required dependencies) available. Offending class: [org/springframework/transaction/interceptor/TransactionAttribute]
09:59:17.794 [Test worker] INFO org.springframework.boot.test.context.SpringBootTestContextBootstrapper - Could not instantiate TestExecutionListener [org.springframework.test.context.transaction.TransactionalTestExecutionListener]. Specify custom listener classes or make the default listener classes (and their required dependencies) available. Offending class: [org/springframework/transaction/interceptor/TransactionAttributeSource]
09:59:17.796 [Test worker] INFO org.springframework.boot.test.context.SpringBootTestContextBootstrapper - Using TestExecutionListeners: [org.springframework.test.context.web.ServletTestExecutionListener@15dcb53e, org.springframework.test.context.support.DirtiesContextBeforeModesTestExecutionListener@117b9f85, org.springframework.boot.test.autoconfigure.SpringBootDependencyInjectionTestExecutionListener@75d2c15b, org.springframework.test.context.support.DirtiesContextTestExecutionListener@6a00da1, org.springframework.boot.test.mock.mockito.MockitoTestExecutionListener@76a53d0e, org.springframework.boot.test.autoconfigure.web.servlet.MockMvcPrintOnlyOnFailureTestExecutionListener@3bef03e8, org.springframework.boot.test.autoconfigure.web.client.MockRestServiceServerResetTestExecutionListener@5854d5d7, org.springframework.boot.test.autoconfigure.restdocs.RestDocsTestExecutionListener@5e9f0679, org.springframework.boot.test.mock.mockito.ResetMocksTestExecutionListener@18d1de9, org.springframework.boot.test.autoconfigure.web.servlet.WebDriverTestExecutionListener@42bebe73]
09:59:17.803 [Test worker] DEBUG org.springframework.test.annotation.ProfileValueUtils - Retrieved @ProfileValueSourceConfiguration [null] for test class [hello.GreetingControllerTests]
09:59:17.804 [Test worker] DEBUG org.springframework.test.annotation.ProfileValueUtils - Retrieved ProfileValueSource type [class org.springframework.test.annotation.SystemProfileValueSource] for class [hello.GreetingControllerTests]
09:59:17.805 [Test worker] DEBUG org.springframework.test.annotation.ProfileValueUtils - Retrieved @ProfileValueSourceConfiguration [null] for test class [hello.GreetingControllerTests]
09:59:17.806 [Test worker] DEBUG org.springframework.test.annotation.ProfileValueUtils - Retrieved ProfileValueSource type [class org.springframework.test.annotation.SystemProfileValueSource] for class [hello.GreetingControllerTests]
09:59:17.816 [Test worker] DEBUG org.springframework.test.context.support.AbstractDirtiesContextTestExecutionListener - Before test class: context [DefaultTestContext@26a44225 testClass = GreetingControllerTests, testInstance = [null], testMethod = [null], testException = [null], mergedContextConfiguration = [WebMergedContextConfiguration@2daafdd3 testClass = GreetingControllerTests, locations = '{}', classes = '{class hello.Application}', contextInitializerClasses = '[]', activeProfiles = '{}', propertySourceLocations = '{}', propertySourceProperties = '{org.springframework.boot.test.context.SpringBootTestContextBootstrapper=true}', contextCustomizers = set[[ImportsContextCustomizer@4c89a864 key = [org.springframework.boot.test.autoconfigure.web.servlet.MockMvcAutoConfiguration, org.springframework.boot.test.autoconfigure.web.servlet.MockMvcSecurityAutoConfiguration, org.springframework.boot.test.autoconfigure.web.servlet.MockMvcWebClientAutoConfiguration, org.springframework.boot.test.autoconfigure.web.servlet.MockMvcWebDriverAutoConfiguration, Package Import hello]], org.springframework.boot.test.context.SpringBootTestContextCustomizer@f6f2939, org.springframework.boot.test.context.filter.ExcludeFilterContextCustomizer@62141316, org.springframework.boot.test.mock.mockito.MockitoContextCustomizer@0, org.springframework.boot.test.autoconfigure.properties.PropertyMappingContextCustomizer@e7e8512, org.springframework.boot.test.autoconfigure.web.servlet.WebDriverContextCustomizerFactory$Customizer@2766b13f], resourceBasePath = 'src/main/webapp', contextLoader = 'org.springframework.boot.test.context.SpringBootContextLoader', parent = [null]]], class annotated with @DirtiesContext [false] with mode [null].
09:59:17.819 [Test worker] DEBUG org.springframework.test.annotation.ProfileValueUtils - Retrieved @ProfileValueSourceConfiguration [null] for test class [hello.GreetingControllerTests]
09:59:17.820 [Test worker] DEBUG org.springframework.test.annotation.ProfileValueUtils - Retrieved ProfileValueSource type [class org.springframework.test.annotation.SystemProfileValueSource] for class [hello.GreetingControllerTests]
09:59:17.968 [Test worker] DEBUG org.springframework.core.env.StandardEnvironment - Adding [systemProperties] PropertySource with lowest search precedence
09:59:17.970 [Test worker] DEBUG org.springframework.core.env.StandardEnvironment - Adding [systemEnvironment] PropertySource with lowest search precedence
09:59:17.973 [Test worker] DEBUG org.springframework.core.env.StandardEnvironment - Initialized StandardEnvironment with PropertySources [systemProperties,systemEnvironment]
09:59:17.978 [Test worker] DEBUG org.springframework.core.env.MutablePropertySources - Adding [inline] PropertySource with highest search precedence
09:59:17.990 [Test worker] DEBUG org.springframework.test.context.support.TestPropertySourceUtils - Adding inlined properties to environment: {spring.jmx.enabled=false, org.springframework.boot.test.context.SpringBootTestContextBootstrapper=true, server.port=-1}
09:59:17.991 [Test worker] DEBUG org.springframework.core.env.StandardEnvironment - Adding [Inlined Test Properties] PropertySource with highest search precedence

  .   ____          _            __ _ _
 /\\ / ___'_ __ _ _(_)_ __  __ _ \ \ \ \
( ( )\___ | '_ | '_| | '_ \/ _` | \ \ \ \
 \\/  ___)| |_)| | | | | || (_| |  ) ) ) )
  '  |____| .__|_| |_|_| |_\__, | / / / /
 =========|_|==============|___/=/_/_/_/
 :: Spring Boot ::        (v1.5.3.RELEASE)

2017-04-26 09:59:19.273  INFO 97106 --- [    Test worker] hello.GreetingControllerTests            : Starting GreetingControllerTests on peteair.local with PID 97106 (started by pete in /Users/pete/Documents/workspaces/knightech/git/restup)
2017-04-26 09:59:19.283  INFO 97106 --- [    Test worker] hello.GreetingControllerTests            : No active profile set, falling back to default profiles: default
2017-04-26 09:59:19.435  INFO 97106 --- [    Test worker] o.s.w.c.s.GenericWebApplicationContext   : Refreshing org.springframework.web.context.support.GenericWebApplicationContext@5910c244: startup date [Wed Apr 26 09:59:19 BST 2017]; root of context hierarchy
2017-04-26 09:59:25.156  INFO 97106 --- [    Test worker] o.s.b.t.m.w.SpringBootMockServletContext : Initializing Spring FrameworkServlet ''
2017-04-26 09:59:25.156  INFO 97106 --- [    Test worker] o.s.t.web.servlet.TestDispatcherServlet  : FrameworkServlet '': initialization started
2017-04-26 09:59:26.793  INFO 97106 --- [    Test worker] s.w.s.m.m.a.RequestMappingHandlerMapping : Mapped "{[/greeting]}" onto public hello.Greeting hello.GreetingController.greeting(java.lang.String)
2017-04-26 09:59:26.834  INFO 97106 --- [    Test worker] s.w.s.m.m.a.RequestMappingHandlerMapping : Mapped "{[/error]}" onto public org.springframework.http.ResponseEntity<java.util.Map<java.lang.String, java.lang.Object>> org.springframework.boot.autoconfigure.web.BasicErrorController.error(javax.servlet.http.HttpServletRequest)
2017-04-26 09:59:26.837  INFO 97106 --- [    Test worker] s.w.s.m.m.a.RequestMappingHandlerMapping : Mapped "{[/error],produces=[text/html]}" onto public org.springframework.web.servlet.ModelAndView org.springframework.boot.autoconfigure.web.BasicErrorController.errorHtml(javax.servlet.http.HttpServletRequest,javax.servlet.http.HttpServletResponse)
2017-04-26 09:59:27.403  INFO 97106 --- [    Test worker] o.s.w.s.handler.SimpleUrlHandlerMapping  : Mapped URL path [/webjars/**] onto handler of type [class org.springframework.web.servlet.resource.ResourceHttpRequestHandler]
2017-04-26 09:59:27.403  INFO 97106 --- [    Test worker] o.s.w.s.handler.SimpleUrlHandlerMapping  : Mapped URL path [/**] onto handler of type [class org.springframework.web.servlet.resource.ResourceHttpRequestHandler]
2017-04-26 09:59:27.654  INFO 97106 --- [    Test worker] o.s.w.s.handler.SimpleUrlHandlerMapping  : Mapped URL path [/**/favicon.ico] onto handler of type [class org.springframework.web.servlet.resource.ResourceHttpRequestHandler]
2017-04-26 09:59:27.975  INFO 97106 --- [    Test worker] s.w.s.m.m.a.RequestMappingHandlerAdapter : Looking for @ControllerAdvice: org.springframework.web.context.support.GenericWebApplicationContext@5910c244: startup date [Wed Apr 26 09:59:19 BST 2017]; root of context hierarchy
2017-04-26 09:59:29.121  INFO 97106 --- [    Test worker] o.s.t.web.servlet.TestDispatcherServlet  : FrameworkServlet '': initialization completed in 3965 ms
2017-04-26 09:59:30.303  INFO 97106 --- [    Test worker] hello.GreetingControllerTests            : Started GreetingControllerTests in 12.292 seconds (JVM running for 15.346)

MockHttpServletRequest:
      HTTP Method = GET
      Request URI = /greeting
       Parameters = {}
          Headers = {}

Handler:
             Type = hello.GreetingController
           Method = public hello.Greeting hello.GreetingController.greeting(java.lang.String)

Async:
    Async started = false
     Async result = null

Resolved Exception:
             Type = null

ModelAndView:
        View name = null
             View = null
            Model = null

FlashMap:
       Attributes = null

MockHttpServletResponse:
           Status = 200
    Error message = null
          Headers = {Content-Type=[application/json;charset=UTF-8]}
     Content type = application/json;charset=UTF-8
             Body = {"id":1,"content":"Hello, World!"}
    Forwarded URL = null
   Redirected URL = null
          Cookies = []

MockHttpServletRequest:
      HTTP Method = GET
      Request URI = /greeting
       Parameters = {name=[Spring Community]}
          Headers = {}

Handler:
             Type = hello.GreetingController
           Method = public hello.Greeting hello.GreetingController.greeting(java.lang.String)

Async:
    Async started = false
     Async result = null

Resolved Exception:
             Type = null

ModelAndView:
        View name = null
             View = null
            Model = null

FlashMap:
       Attributes = null

MockHttpServletResponse:
           Status = 200
    Error message = null
          Headers = {Content-Type=[application/json;charset=UTF-8]}
     Content type = application/json;charset=UTF-8
             Body = {"id":2,"content":"Hello, Spring Community!"}
    Forwarded URL = null
   Redirected URL = null
          Cookies = []
]]></system-out>
  <system-err><![CDATA[]]></system-err>
</testsuite>
